producer_class	xtools.gsea.GseaPreranked
producer_timestamp	1429799018460
param	collapse	false
param	plot_top_x	0
param	rnk	/h/bfisch02/Desktop/comp167/project/csax_cpp/csax/csax_cpp/gseainput1.rnk
param	norm	meandiv
param	scoring_scheme	weighted
param	make_sets	false
param	mode	Max_probe
param	gmx	examples.input/reactome.gmt
param	gui	false
param	rpt_label	csax
param	help	false
param	out	/h/bfisch02/Desktop/comp167/project/csax_cpp/csax/csax_cpp/output_location/my_gsea_output.xls.gz
param	include_only_symbols	true
param	set_min	7
param	nperm	1000
param	rnd_seed	9141976
param	zip_report	false
param	set_max	500

file	output_location/my_gsea_output.xls.gz/csax.GseaPreranked.1429799018460/index.html
